0 info it worked if it ends with ok
1 verbose cli [ '/usr/local/bin/node', '/usr/local/bin/npm', 'start' ]
2 info using npm@3.10.3
3 info using node@v6.4.0
4 warn invalid config registry="data_tables:{}"
5 warn invalid config Must be a full url with 'http://'
6 verbose run-script [ 'prestart', 'start', 'poststart' ]
7 info lifecycle runoob-react-test@1.0.0~prestart: runoob-react-test@1.0.0
8 silly lifecycle runoob-react-test@1.0.0~prestart: no script for prestart, continuing
9 info lifecycle runoob-react-test@1.0.0~start: runoob-react-test@1.0.0
10 verbose lifecycle runoob-react-test@1.0.0~start: unsafe-perm in lifecycle true
11 verbose lifecycle runoob-react-test@1.0.0~start: PATH: /usr/local/lib/node_modules/npm/bin/node-gyp-bin:/Users/xuqiying/reactApp/node_modules/.bin:/usr/local/bin:/usr/local/bin:/usr/bin:/bin:/usr/sbin:/sbin
12 verbose lifecycle runoob-react-test@1.0.0~start: CWD: /Users/xuqiying/reactApp
13 silly lifecycle runoob-react-test@1.0.0~start: Args: [ '-c', 'webpack-dev-server --hot' ]
14 silly lifecycle runoob-react-test@1.0.0~start: Returned: code: 1  signal: null
15 info lifecycle runoob-react-test@1.0.0~start: Failed to exec start script
16 verbose stack Error: runoob-react-test@1.0.0 start: `webpack-dev-server --hot`
16 verbose stack Exit status 1
16 verbose stack     at EventEmitter.<anonymous> (/usr/local/lib/node_modules/npm/lib/utils/lifecycle.js:242:16)
16 verbose stack     at emitTwo (events.js:106:13)
16 verbose stack     at EventEmitter.emit (events.js:191:7)
16 verbose stack     at ChildProcess.<anonymous> (/usr/local/lib/node_modules/npm/lib/utils/spawn.js:40:14)
16 verbose stack     at emitTwo (events.js:106:13)
16 verbose stack     at ChildProcess.emit (events.js:191:7)
16 verbose stack     at maybeClose (internal/child_process.js:852:16)
16 verbose stack     at Process.ChildProcess._handle.onexit (internal/child_process.js:215:5)
17 verbose pkgid runoob-react-test@1.0.0
18 verbose cwd /Users/xuqiying/reactApp
19 error Darwin 15.6.0
20 error argv "/usr/local/bin/node" "/usr/local/bin/npm" "start"
21 error node v6.4.0
22 error npm  v3.10.3
23 error code ELIFECYCLE
24 error runoob-react-test@1.0.0 start: `webpack-dev-server --hot`
24 error Exit status 1
25 error Failed at the runoob-react-test@1.0.0 start script 'webpack-dev-server --hot'.
25 error Make sure you have the latest version of node.js and npm installed.
25 error If you do, this is most likely a problem with the runoob-react-test package,
25 error not with npm itself.
25 error Tell the author that this fails on your system:
25 error     webpack-dev-server --hot
25 error You can get information on how to open an issue for this project with:
25 error     npm bugs runoob-react-test
25 error Or if that isn't available, you can get their info via:
25 error     npm owner ls runoob-react-test
25 error There is likely additional logging output above.
26 verbose exit [ 1, true ]
